[debug] [2023-11-27T10:24:48.086Z] ----------------------------------------------------------------------
[debug] [2023-11-27T10:24:48.091Z] Command:       C:\Program Files\nodejs\node.exe C:\Program Files\nodejs\node_modules\firebase-tools\lib\bin\firebase.js deploy
[debug] [2023-11-27T10:24:48.092Z] CLI Version:   12.9.1
[debug] [2023-11-27T10:24:48.092Z] Platform:      win32
[debug] [2023-11-27T10:24:48.093Z] Node Version:  v18.16.0
[debug] [2023-11-27T10:24:48.095Z] Time:          Mon Nov 27 2023 16:24:48 GMT+0600 (Bangladesh Standard Time)
[debug] [2023-11-27T10:24:48.095Z] ----------------------------------------------------------------------
[debug] 
[debug] [2023-11-27T10:24:48.256Z] > command requires scopes: ["email","openid","https://www.googleapis.com/auth/cloudplatformprojects.readonly","https://www.googleapis.com/auth/firebase","https://www.googleapis.com/auth/cloud-platform"]
[debug] [2023-11-27T10:24:48.257Z] > authorizing via signed-in user (shapna088@gmail.com)
[debug] [2023-11-27T10:24:48.257Z] [iam] checking project assignment-11-client-a0b66 for permissions ["firebase.projects.get","firebasehosting.sites.update"]
[debug] [2023-11-27T10:24:48.260Z] > refreshing access token with scopes: []
[debug] [2023-11-27T10:24:48.262Z] >>> [apiv2][query] POST https://www.googleapis.com/oauth2/v3/token [none]
[debug] [2023-11-27T10:24:48.262Z] >>> [apiv2][body] POST https://www.googleapis.com/oauth2/v3/token [omitted]
[debug] [2023-11-27T10:24:48.888Z] <<< [apiv2][status] POST https://www.googleapis.com/oauth2/v3/token 400
[debug] [2023-11-27T10:24:48.889Z] <<< [apiv2][body] POST https://www.googleapis.com/oauth2/v3/token [omitted]
[debug] [2023-11-27T10:24:48.890Z] >>> [apiv2][query] POST https://cloudresourcemanager.googleapis.com/v1/projects/assignment-11-client-a0b66:testIamPermissions [none]
[debug] [2023-11-27T10:24:48.890Z] >>> [apiv2][(partial)header] POST https://cloudresourcemanager.googleapis.com/v1/projects/assignment-11-client-a0b66:testIamPermissions x-goog-quota-user=projects/assignment-11-client-a0b66
[debug] [2023-11-27T10:24:48.891Z] >>> [apiv2][body] POST https://cloudresourcemanager.googleapis.com/v1/projects/assignment-11-client-a0b66:testIamPermissions {"permissions":["firebase.projects.get","firebasehosting.sites.update"]}
[debug] [2023-11-27T10:24:50.511Z] <<< [apiv2][status] POST https://cloudresourcemanager.googleapis.com/v1/projects/assignment-11-client-a0b66:testIamPermissions 401
[debug] [2023-11-27T10:24:50.511Z] <<< [apiv2][body] POST https://cloudresourcemanager.googleapis.com/v1/projects/assignment-11-client-a0b66:testIamPermissions {"error":{"code":401,"message":"Request had invalid authentication credentials. Expected OAuth 2 access token, login cookie or other valid authentication credential. See https://developers.google.com/identity/sign-in/web/devconsole-project.","status":"UNAUTHENTICATED","details":[{"@type":"type.googleapis.com/google.rpc.ErrorInfo","reason":"ACCESS_TOKEN_TYPE_UNSUPPORTED","metadata":{"service":"cloudresourcemanager.googleapis.com","method":"google.cloudresourcemanager.v1.Projects.TestIamPermissions"}}]}}
[debug] [2023-11-27T10:24:50.516Z] [iam] error while checking permissions, command may fail: FirebaseError: HTTP Error: 401, Request had invalid authentication credentials. Expected OAuth 2 access token, login cookie or other valid authentication credential. See https://developers.google.com/identity/sign-in/web/devconsole-project.
[debug] [2023-11-27T10:24:50.518Z] > refreshing access token with scopes: []
[debug] [2023-11-27T10:24:50.520Z] >>> [apiv2][query] POST https://www.googleapis.com/oauth2/v3/token [none]
[debug] [2023-11-27T10:24:50.520Z] >>> [apiv2][body] POST https://www.googleapis.com/oauth2/v3/token [omitted]
[debug] [2023-11-27T10:24:50.899Z] <<< [apiv2][status] POST https://www.googleapis.com/oauth2/v3/token 400
[debug] [2023-11-27T10:24:50.900Z] <<< [apiv2][body] POST https://www.googleapis.com/oauth2/v3/token [omitted]
[debug] [2023-11-27T10:24:50.904Z] >>> [apiv2][query] GET https://firebase.googleapis.com/v1beta1/projects/assignment-11-client-a0b66 [none]
[debug] [2023-11-27T10:24:51.483Z] <<< [apiv2][status] GET https://firebase.googleapis.com/v1beta1/projects/assignment-11-client-a0b66 401
[debug] [2023-11-27T10:24:51.484Z] <<< [apiv2][body] GET https://firebase.googleapis.com/v1beta1/projects/assignment-11-client-a0b66 {"error":{"code":401,"message":"Request had invalid authentication credentials. Expected OAuth 2 access token, login cookie or other valid authentication credential. See https://developers.google.com/identity/sign-in/web/devconsole-project.","status":"UNAUTHENTICATED"}}
[debug] [2023-11-27T10:24:51.485Z] HTTP Error: 401, Request had invalid authentication credentials. Expected OAuth 2 access token, login cookie or other valid authentication credential. See https://developers.google.com/identity/sign-in/web/devconsole-project.
[error] 
[error] Error: Assertion failed: resolving hosting target of a site with no site name or target name. This should have caused an error earlier
[debug] [2023-11-27T10:37:56.740Z] ----------------------------------------------------------------------
[debug] [2023-11-27T10:37:56.744Z] Command:       C:\Program Files\nodejs\node.exe C:\Program Files\nodejs\node_modules\firebase-tools\lib\bin\firebase.js deploy
[debug] [2023-11-27T10:37:56.744Z] CLI Version:   12.9.1
[debug] [2023-11-27T10:37:56.745Z] Platform:      win32
[debug] [2023-11-27T10:37:56.746Z] Node Version:  v18.16.0
[debug] [2023-11-27T10:37:56.748Z] Time:          Mon Nov 27 2023 16:37:56 GMT+0600 (Bangladesh Standard Time)
[debug] [2023-11-27T10:37:56.748Z] ----------------------------------------------------------------------
[debug] 
[debug] [2023-11-27T10:37:56.891Z] > command requires scopes: ["email","openid","https://www.googleapis.com/auth/cloudplatformprojects.readonly","https://www.googleapis.com/auth/firebase","https://www.googleapis.com/auth/cloud-platform"]
[debug] [2023-11-27T10:37:56.892Z] > authorizing via signed-in user (shapna088@gmail.com)
[debug] [2023-11-27T10:37:56.892Z] [iam] checking project assignment-11-client-a0b66 for permissions ["firebase.projects.get","firebasehosting.sites.update"]
[debug] [2023-11-27T10:37:56.895Z] > refreshing access token with scopes: []
[debug] [2023-11-27T10:37:56.897Z] >>> [apiv2][query] POST https://www.googleapis.com/oauth2/v3/token [none]
[debug] [2023-11-27T10:37:56.898Z] >>> [apiv2][body] POST https://www.googleapis.com/oauth2/v3/token [omitted]
[debug] [2023-11-27T10:37:57.785Z] <<< [apiv2][status] POST https://www.googleapis.com/oauth2/v3/token 400
[debug] [2023-11-27T10:37:57.786Z] <<< [apiv2][body] POST https://www.googleapis.com/oauth2/v3/token [omitted]
[debug] [2023-11-27T10:37:57.786Z] >>> [apiv2][query] POST https://cloudresourcemanager.googleapis.com/v1/projects/assignment-11-client-a0b66:testIamPermissions [none]
[debug] [2023-11-27T10:37:57.786Z] >>> [apiv2][(partial)header] POST https://cloudresourcemanager.googleapis.com/v1/projects/assignment-11-client-a0b66:testIamPermissions x-goog-quota-user=projects/assignment-11-client-a0b66
[debug] [2023-11-27T10:37:57.786Z] >>> [apiv2][body] POST https://cloudresourcemanager.googleapis.com/v1/projects/assignment-11-client-a0b66:testIamPermissions {"permissions":["firebase.projects.get","firebasehosting.sites.update"]}
[debug] [2023-11-27T10:37:59.623Z] <<< [apiv2][status] POST https://cloudresourcemanager.googleapis.com/v1/projects/assignment-11-client-a0b66:testIamPermissions 401
[debug] [2023-11-27T10:37:59.623Z] <<< [apiv2][body] POST https://cloudresourcemanager.googleapis.com/v1/projects/assignment-11-client-a0b66:testIamPermissions {"error":{"code":401,"message":"Request had invalid authentication credentials. Expected OAuth 2 access token, login cookie or other valid authentication credential. See https://developers.google.com/identity/sign-in/web/devconsole-project.","status":"UNAUTHENTICATED","details":[{"@type":"type.googleapis.com/google.rpc.ErrorInfo","reason":"ACCESS_TOKEN_TYPE_UNSUPPORTED","metadata":{"method":"google.cloudresourcemanager.v1.Projects.TestIamPermissions","service":"cloudresourcemanager.googleapis.com"}}]}}
[debug] [2023-11-27T10:37:59.625Z] [iam] error while checking permissions, command may fail: FirebaseError: HTTP Error: 401, Request had invalid authentication credentials. Expected OAuth 2 access token, login cookie or other valid authentication credential. See https://developers.google.com/identity/sign-in/web/devconsole-project.
[debug] [2023-11-27T10:37:59.626Z] > refreshing access token with scopes: []
[debug] [2023-11-27T10:37:59.628Z] >>> [apiv2][query] POST https://www.googleapis.com/oauth2/v3/token [none]
[debug] [2023-11-27T10:37:59.629Z] >>> [apiv2][body] POST https://www.googleapis.com/oauth2/v3/token [omitted]
[debug] [2023-11-27T10:38:00.002Z] <<< [apiv2][status] POST https://www.googleapis.com/oauth2/v3/token 400
[debug] [2023-11-27T10:38:00.003Z] <<< [apiv2][body] POST https://www.googleapis.com/oauth2/v3/token [omitted]
[debug] [2023-11-27T10:38:00.007Z] >>> [apiv2][query] GET https://firebase.googleapis.com/v1beta1/projects/assignment-11-client-a0b66 [none]
[debug] [2023-11-27T10:38:00.612Z] <<< [apiv2][status] GET https://firebase.googleapis.com/v1beta1/projects/assignment-11-client-a0b66 401
[debug] [2023-11-27T10:38:00.614Z] <<< [apiv2][body] GET https://firebase.googleapis.com/v1beta1/projects/assignment-11-client-a0b66 {"error":{"code":401,"message":"Request had invalid authentication credentials. Expected OAuth 2 access token, login cookie or other valid authentication credential. See https://developers.google.com/identity/sign-in/web/devconsole-project.","status":"UNAUTHENTICATED"}}
[debug] [2023-11-27T10:38:00.615Z] HTTP Error: 401, Request had invalid authentication credentials. Expected OAuth 2 access token, login cookie or other valid authentication credential. See https://developers.google.com/identity/sign-in/web/devconsole-project.
[error] 
[error] Error: Assertion failed: resolving hosting target of a site with no site name or target name. This should have caused an error earlier
